<?xml version="1.0" encoding="UTF-8"?>
<!-- Generated by org.testng.reporters.JUnitXMLReporter -->
<testsuite ignored="3" hostname="YHOSNY" failures="0" tests="1" name="Default test" time="46.058" errors="0" timestamp="2022-01-28T00:52:26 EET">
  <testcase classname="testPackage.TestClass" name="TestCase2" time="9.001"/>
  <testcase classname="testPackage.TestClass" name="TestCase3" time="0.0">
    <ignored/>
  </testcase> <!-- TestCase3 -->
  <testcase classname="testPackage.TestClass" name="TestCase4" time="0.0">
    <ignored/>
  </testcase> <!-- TestCase4 -->
  <testcase classname="testPackage.TestClass" name="TestCase1" time="0.0">
    <ignored/>
  </testcase> <!-- TestCase1 -->
</testsuite> <!-- Default test -->
